----------------------- MATCHING LEADS FOR ACT #1144
Checking All Leads for account 1144
Found 0
----------------------- MATCHING LEADS FOR ACT #1017
Checking All Leads for account 1017
Found 0
----------------------- MATCHING LEADS FOR ACT #1015
Checking All Leads for account 1015
Found 0
----------------------- MATCHING LEADS FOR ACT #1018
Checking All Leads for account 1018
Found 0
----------------------- MATCHING LEADS FOR ACT #1043
Checking All Leads for account 1043
Found 0
----------------------- MATCHING LEADS FOR ACT #1005
Checking All Leads for account 1005
Found 0
----------------------- MATCHING LEADS FOR ACT #1001
Checking All Leads for account 1001
Found 0
----------------------- MATCHING LEADS FOR ACT #1132
Checking All Leads for account 1132
Found 0
----------------------- MATCHING LEADS FOR ACT #1111
Checking All Leads for account 1111
Found 4
 DB:1111 phone:3017870430
Requesting AM(2) for patId:10101
AM Server is https://practiceroi.appointmaster.com/PROIadmin/ROIServices.asmx
 Match found pat id:10101
  existing patient
 No treatments
 DB:1111 phone:2027053163
Requesting AM(2) for patId:281001
AM Server is https://practiceroi.appointmaster.com/PROIadmin/ROIServices.asmx
 Match found pat id:281001
  existing patient
 No treatments
 DB:1111 phone:3015850018
Requesting AM(2) for patId:189801
AM Server is https://practiceroi.appointmaster.com/PROIadmin/ROIServices.asmx
 Match found pat id:189801
  existing patient
 No treatments
 DB:1111 phone:4065796354
Requesting AM(2) for patId:199301
AM Server is https://practiceroi.appointmaster.com/PROIadmin/ROIServices.asmx
 Match found pat id:199301
  existing patient
 No treatments
----------------------- MATCHING LEADS FOR ACT #1109
Checking All Leads for account 1109
Found 0
----------------------- MATCHING LEADS FOR ACT #1135
Checking All Leads for account 1135
Found 69
 DB:1135 phone:9122026061
Requesting AM(2) for patId:5704
AM Server is https://practiceroi.appointmaster.com/PROIadmin/ROIServices.asmx
 Match found pat id:5704
  existing patient
 *** Found 2  treatments
  --> Treatment Found already241793
  --> Treatment Found already241794
 DB:1135 phone:9126591240
Requesting AM(1) for Phone:9126591240
AM Server is https://practiceroi.appointmaster.com/PROIadmin/ROIServices.asmx
No match found
 DB:1135 phone:˜9122926011
Requesting AM(1) for Phone:˜9122926011
AM Server is https://practiceroi.appointmaster.com/PROIadmin/ROIServices.asmx
No match found
 DB:1135 phone:9125095587
Requesting AM(1) for Phone:9125095587
AM Server is https://practiceroi.appointmaster.com/PROIadmin/ROIServices.asmx
No match found
 DB:1135 phone:8456082157
Requesting AM(1) for Phone:8456082157
AM Server is https://practiceroi.appointmaster.com/PROIadmin/ROIServices.asmx
No match found
 DB:1135 phone:9122722191
Requesting AM(1) for Phone:9122722191
AM Server is https://practiceroi.appointmaster.com/PROIadmin/ROIServices.asmx
No match found
 DB:1135 phone:7069879336
Requesting AM(1) for Phone:7069879336
AM Server is https://practiceroi.appointmaster.com/PROIadmin/ROIServices.asmx
No match found
 DB:1135 phone:9125076749
Requesting AM(2) for patId:5694
AM Server is https://practiceroi.appointmaster.com/PROIadmin/ROIServices.asmx
 Match found pat id:5694
  existing patient
 *** Found 55  treatments
  --> Treatment Found already241306
  --> Treatment Found already241307
  --> Treatment Found already241308
  --> Treatment Found already241309
  --> Treatment Found already241310
  --> Treatment Found already241311
  --> Treatment Found already241312
  --> Treatment Found already241316
  --> Treatment Found already241317
  --> Treatment Found already241318
  --> Treatment Found already241319
  --> Treatment Found already241320
  --> Treatment Found already241321
  --> Treatment Found already241322
  --> Treatment Found already241323
  --> Treatment Found already241324
  --> Treatment Found already241325
  --> Treatment Found already241326
  --> Treatment Found already241327
  --> Treatment Found already241328
  --> Treatment Found already241329
  --> Treatment Found already241330
  --> Treatment Found already241331
  --> Treatment Found already241332
  --> Treatment Found already241333
  --> Treatment Found already241334
  --> Treatment Found already241335
  --> Treatment Found already241336
  --> Treatment Found already241337
  --> Treatment Found already241338
  --> Treatment Found already241339
  --> Treatment Found already241340
  --> Treatment Found already241341
  --> Treatment Found already241342
  --> Treatment Found already241343
  --> Treatment Found already241344
  --> Treatment Found already241345
  --> Treatment Found already241346
  --> Treatment Found already241347
  --> Treatment Found already241348
  --> Treatment Found already241349
  --> Treatment Found already241350
  --> Treatment Found already241351
  --> Treatment Found already241352
  --> Treatment Found already241353
  --> Treatment Found already241356
  --> Treatment Found already241357
  --> Treatment Found already241359
  --> Treatment Found already241360
  --> Treatment Found already241361
  --> Treatment Found already241362
  --> Treatment Found already241367
  --> Treatment Found already241370
  --> Treatment Found already241211
  --> Treatment Found already241212
 DB:1135 phone:9128774070
Requesting AM(1) for Phone:9128774070
AM Server is https://practiceroi.appointmaster.com/PROIadmin/ROIServices.asmx
No match found
 DB:1135 phone:9122330931
Requesting AM(1) for Phone:9122330931
AM Server is https://practiceroi.appointmaster.com/PROIadmin/ROIServices.asmx
No match found
 DB:1135 phone:9407040571
Requesting AM(1) for Phone:9407040571
AM Server is https://practiceroi.appointmaster.com/PROIadmin/ROIServices.asmx
No match found
 DB:1135 phone:9062358245
Requesting AM(2) for patId:5703
AM Server is https://practiceroi.appointmaster.com/PROIadmin/ROIServices.asmx
 Match found pat id:5703
  existing patient
 *** Found 41  treatments
  --> Treatment Found already241799
  --> Treatment Found already241797
  --> Treatment Found already242791
  --> Treatment Found already241722
  --> Treatment Found already241787
  --> Treatment Found already241788
  --> Treatment Found already241789
  --> Treatment Found already241790
  --> Treatment Found already241791
  --> Treatment Found already241792
  --> Treatment Found already242538
  --> Treatment Found already242169
  --> Treatment Found already241717
  --> Treatment Found already241707
  --> Treatment Found already241708
  --> Treatment Found already241709
  --> Treatment Found already241710
  --> Treatment Found already241711
  --> Treatment Found already241712
  --> Treatment Found already241715
  --> Treatment Found already241795
  --> Treatment Found already241796
  --> Treatment Found already241798
  --> Treatment Found already241718
  --> Treatment Found already241719
  --> Treatment Found already241720
  --> Treatment Found already241721
  --> Treatment Found already241730
  --> Treatment Found already241731
  --> Treatment Found already241732
  --> Treatment Found already241733
  --> Treatment Found already241734
  --> Treatment Found already241716
  --> Treatment Found already241694
  --> Treatment Found already241695
  --> Treatment Found already241696
  --> Treatment Found already241697
  --> Treatment Found already241698
  --> Treatment Found already241699
  --> Treatment Found already241700
  --> Treatment Found already241701
 DB:1135 phone:˜2564528270
Requesting AM(1) for Phone:˜2564528270
AM Server is https://practiceroi.appointmaster.com/PROIadmin/ROIServices.asmx
No match found
 DB:1135 phone:8438120658
Requesting AM(1) for Phone:8438120658
AM Server is https://practiceroi.appointmaster.com/PROIadmin/ROIServices.asmx
No match found
 DB:1135 phone:4259238519
Requesting AM(2) for patId:5681
AM Server is https://practiceroi.appointmaster.com/PROIadmin/ROIServices.asmx
 Match found pat id:5681
  existing patient
 *** Found 59  treatments
  --> Treatment Found already244431
  --> Treatment Found already244432
  --> Treatment Found already244448
  --> Treatment Found already244451
  --> Treatment Found already243159
  --> Treatment Found already244746
  --> Treatment Found already244374
  --> Treatment Found already244377
  --> Treatment Found already244430
  --> Treatment Found already244247
  --> Treatment Found already244449
  --> Treatment Found already244450
  --> Treatment Found already244433
  --> Treatment Found already244128
  --> Treatment Found already244129
  --> Treatment Found already244130
  --> Treatment Found already244131
  --> Treatment Found already244132
  --> Treatment Found already244133
  --> Treatment Found already243158
  --> Treatment Found already244370
  --> Treatment Found already244371
  --> Treatment Found already244372
  --> Treatment Found already244373
  --> Treatment Found already243154
  --> Treatment Found already243155
  --> Treatment Found already243156
  --> Treatment Found already243157
  --> Treatment Found already244376
  --> Treatment Found already244394
  --> Treatment Found already244249
  --> Treatment Found already244375
  --> Treatment Found already244190
  --> Treatment Found already244192
  --> Treatment Found already244193
  --> Treatment Found already244150
  --> Treatment Found already244151
  --> Treatment Found already244153
  --> Treatment Found already244154
  --> Treatment Found already244155
  --> Treatment Found already243931
  --> Treatment Found already243160
  --> Treatment Found already243044
  --> Treatment Found already243045
  --> Treatment Found already243046
  --> Treatment Found already243047
  --> Treatment Found already243048
  --> Treatment Found already243049
  --> Treatment Found already243050
  --> Treatment Found already243051
  --> Treatment Found already243052
  --> Treatment Found already243053
  --> Treatment Found already243054
  --> Treatment Found already243063
  --> Treatment Found already243064
  --> Treatment Found already243065
  --> Treatment Found already243066
  --> Treatment Found already240617
  --> Treatment Found already240618
 DB:1135 phone:4045203264
Requesting AM(2) for patId:5720
AM Server is https://practiceroi.appointmaster.com/PROIadmin/ROIServices.asmx
 Match found pat id:5720
  existing patient
 *** Found 97  treatments
  --> Treatment Found already242578
  --> Treatment Found already242579
  --> Treatment Found already242580
  --> Treatment Found already242581
  --> Treatment Found already242582
  --> Treatment Found already242583
  --> Treatment Found already242584
  --> Treatment Found already242585
  --> Treatment Found already242586
  --> Treatment Found already242587
  --> Treatment Found already242588
  --> Treatment Found already242589
  --> Treatment Found already242590
  --> Treatment Found already242591
  --> Treatment Found already242592
  --> Treatment Found already242593
  --> Treatment Found already242594
  --> Treatment Found already242595
  --> Treatment Found already242596
  --> Treatment Found already242597
  --> Treatment Found already242598
  --> Treatment Found already242599
  --> Treatment Found already242600
  --> Treatment Found already242601
  --> Treatment Found already242602
  --> Treatment Found already242603
  --> Treatment Found already242604
  --> Treatment Found already242606
  --> Treatment Found already242610
  --> Treatment Found already243683
  --> Treatment Found already244058
  --> Treatment Found already245195
  --> Treatment Found already244056
  --> Treatment Found already244057
  --> Treatment Found already243933
  --> Treatment Found already242608
  --> Treatment Found already242609
  --> Treatment Found already242771
  --> Treatment Found already242772
  --> Treatment Found already243682
  --> Treatment Found already242769
  --> Treatment Found already242770
  --> Treatment Found already242644
  --> Treatment Found already242611
  --> Treatment Found already242612
  --> Treatment Found already242613
  --> Treatment Found already242614
  --> Treatment Found already242607
  --> Treatment Found already242566
  --> Treatment Found already242568
  --> Treatment Found already242569
  --> Treatment Found already242570
  --> Treatment Found already242571
  --> Treatment Found already242572
  --> Treatment Found already242573
  --> Treatment Found already242574
  --> Treatment Found already242575
  --> Treatment Found already242576
  --> Treatment Found already242615
  --> Treatment Found already242616
  --> Treatment Found already242617
  --> Treatment Found already242618
  --> Treatment Found already242619
  --> Treatment Found already242620
  --> Treatment Found already242621
  --> Treatment Found already242622
  --> Treatment Found already242623
  --> Treatment Found already242624
  --> Treatment Found already242625
  --> Treatment Found already242626
  --> Treatment Found already242627
  --> Treatment Found already242628
  --> Treatment Found already242629
  --> Treatment Found already242630
  --> Treatment Found already242631
  --> Treatment Found already242632
  --> Treatment Found already242633
  --> Treatment Found already242634
  --> Treatment Found already242635
  --> Treatment Found already242636
  --> Treatment Found already242637
  --> Treatment Found already242638
  --> Treatment Found already242639
  --> Treatment Found already242640
  --> Treatment Found already242641
  --> Treatment Found already242642
  --> Treatment Found already242649
  --> Treatment Found already242164
  --> Treatment Found already242165
  --> Treatment Found already242166
  --> Treatment Found already242167
  --> Treatment Found already242168
  --> Treatment Found already242177
  --> Treatment Found already242178
  --> Treatment Found already242179
  --> Treatment Found already242180
  --> Treatment Found already242181
 DB:1135 phone:9122370312
Requesting AM(1) for Phone:9122370312
AM Server is https://practiceroi.appointmaster.com/PROIadmin/ROIServices.asmx
